Base path: D:/Program Files (x86)/Unity/Editor/Data
Pipe name: \\.\pipe\UnityShaderCompiler-2-8436
Cmd: getPlatforms
Cmd: compileSnippet
  api=9 type=0 insize=956 outsize=793 kw= ok=1
Cmd: compileSnippet
  api=9 type=0 insize=986 outsize=721 kw= ok=1
Cmd: compileSnippet
  api=9 type=1 insize=1203 outsize=7 kw= ok=1
Cmd: compileSnippet
  api=9 type=1 insize=1322 outsize=7 kw= ok=1
Cmd: compileSnippet
  api=9 type=1 insize=1274 outsize=7 kw= ok=1
Cmd: compileSnippet
  api=9 type=0 insize=1260 outsize=1014 kw= ok=1
Cmd: compileSnippet
  api=9 type=1 insize=1260 outsize=7 kw= ok=1
Cmd: compileSnippet
  api=9 type=1 insize=949 outsize=7 kw= ok=1
Cmd: compileSnippet
  api=9 type=0 insize=1222 outsize=1116 kw= ok=1
Cmd: compileSnippet
  api=9 type=0 insize=1218 outsize=1116 kw= ok=1
Cmd: compileSnippet
  api=9 type=0 insize=1277 outsize=1033 kw= ok=1
Cmd: compileSnippet
  api=9 type=1 insize=1277 outsize=7 kw= ok=1
Cmd: compileSnippet
  api=9 type=1 insize=1333 outsize=7 kw= ok=1
Unhandled exception: Readfile from pipe failed. GLE=管道已结束。


Quitting shader compiler process
